app/build/intermediates/manifest_merge_blame_file/debug/manifest-merger-blame-debug-report.txt
1<?xml version="1.0" encoding="utf-8"?>
2<manifest xmlns:android="http://schemas.android.com/apk/res/android"
3    package="com.example.todo"
4    android:versionCode="1"
5    android:versionName="1.0" >
6
7    <uses-sdk
8        android:minSdkVersion="24"
8-->src\main\AndroidManifest.xml
9        android:targetSdkVersion="32" />
9-->src\main\AndroidManifest.xml
10
11    <uses-permission android:name="android.permission.SCHEDULE_EXACT_ALARM" />
11-->src\main\AndroidManifest.xml:6:5-79
11-->src\main\AndroidManifest.xml:6:22-76
12
13    <application
13-->src\main\AndroidManifest.xml:8:5-62:19
14        android:name="com.example.todo.TodoApplication"
14-->src\main\AndroidManifest.xml:9:9-40
15        android:allowBackup="true"
15-->src\main\AndroidManifest.xml:10:9-35
16        android:appComponentFactory="androidx.core.app.CoreComponentFactory"
16-->[androidx.core:core:1.8.0] AndroidManifest.xml:24:18-86
17        android:dataExtractionRules="@xml/data_extraction_rules"
17-->src\main\AndroidManifest.xml:11:9-65
18        android:debuggable="true"
19        android:extractNativeLibs="false"
20        android:fullBackupContent="@xml/backup_rules"
20-->src\main\AndroidManifest.xml:12:9-54
21        android:icon="@mipmap/ic_launcher"
21-->src\main\AndroidManifest.xml:13:9-43
22        android:label="@string/app_name"
22-->src\main\AndroidManifest.xml:14:9-41
23        android:roundIcon="@mipmap/ic_launcher_round"
23-->src\main\AndroidManifest.xml:15:9-54
24        android:supportsRtl="true"
24-->src\main\AndroidManifest.xml:16:9-35
25        android:testOnly="true"
26        android:theme="@style/Theme.TODO" >
26-->src\main\AndroidManifest.xml:17:9-42
27        <receiver
27-->src\main\AndroidManifest.xml:20:9-30:20
28            android:name="com.example.todo.widgets.TodoWidget"
28-->src\main\AndroidManifest.xml:21:13-47
29            android:exported="false" >
29-->src\main\AndroidManifest.xml:22:13-37
30            <intent-filter>
30-->src\main\AndroidManifest.xml:23:13-25:29
31                <action android:name="android.appwidget.action.APPWIDGET_UPDATE" />
31-->src\main\AndroidManifest.xml:24:17-84
31-->src\main\AndroidManifest.xml:24:25-81
32            </intent-filter>
33
34            <meta-data
34-->src\main\AndroidManifest.xml:27:13-29:60
35                android:name="android.appwidget.provider"
35-->src\main\AndroidManifest.xml:28:17-58
36                android:resource="@xml/todo_widget_info" />
36-->src\main\AndroidManifest.xml:29:17-57
37        </receiver>
38
39        <service
39-->src\main\AndroidManifest.xml:32:9-34:72
40            android:name="com.example.todo.widgets.TodoWidgetService"
40-->src\main\AndroidManifest.xml:33:13-54
41            android:permission="android.permission.BIND_REMOTEVIEWS" />
41-->src\main\AndroidManifest.xml:34:13-69
42
43        <receiver
43-->src\main\AndroidManifest.xml:36:9-39:40
44            android:name="com.example.todo.receivers.RemindReceiver"
44-->src\main\AndroidManifest.xml:37:13-53
45            android:enabled="true"
45-->src\main\AndroidManifest.xml:38:13-35
46            android:exported="false" />
46-->src\main\AndroidManifest.xml:39:13-37
47        <receiver
47-->src\main\AndroidManifest.xml:41:9-44:40
48            android:name="com.example.todo.receivers.ActionFromNotification"
48-->src\main\AndroidManifest.xml:42:13-61
49            android:enabled="true"
49-->src\main\AndroidManifest.xml:43:13-35
50            android:exported="false" />
50-->src\main\AndroidManifest.xml:44:13-37
51
52        <activity
52-->src\main\AndroidManifest.xml:46:9-61:20
53            android:name="com.example.todo.MainActivity"
53-->src\main\AndroidManifest.xml:47:13-41
54            android:exported="true"
54-->src\main\AndroidManifest.xml:48:13-36
55            android:screenOrientation="portrait"
55-->src\main\AndroidManifest.xml:49:13-49
56            android:theme="@style/Theme.TODO" >
56-->src\main\AndroidManifest.xml:50:13-46
57            <intent-filter>
57-->src\main\AndroidManifest.xml:52:13-56:29
58                <action android:name="android.intent.action.MAIN" />
58-->src\main\AndroidManifest.xml:53:17-69
58-->src\main\AndroidManifest.xml:53:25-66
59
60                <category android:name="android.intent.category.LAUNCHER" />
60-->src\main\AndroidManifest.xml:55:17-77
60-->src\main\AndroidManifest.xml:55:27-74
61            </intent-filter>
62
63            <meta-data
63-->src\main\AndroidManifest.xml:57:13-59:53
64                android:name="android.app.shortcuts"
64-->src\main\AndroidManifest.xml:58:17-53
65                android:resource="@xml/shortcuts" />
65-->src\main\AndroidManifest.xml:59:17-50
66
67            <intent-filter>
67-->[nav_graph] nav_graph.xml:17:9-19:66
68                <action android:name="android.intent.action.VIEW" />
68-->[nav_graph] nav_graph.xml:17:9-19:66
68-->[nav_graph] nav_graph.xml:17:9-19:66
69
70                <category android:name="android.intent.category.DEFAULT" />
70-->[nav_graph] nav_graph.xml:17:9-19:66
70-->[nav_graph] nav_graph.xml:17:9-19:66
71                <category android:name="android.intent.category.BROWSABLE" />
71-->[nav_graph] nav_graph.xml:17:9-19:66
71-->[nav_graph] nav_graph.xml:17:9-19:66
72
73                <data android:scheme="todo" />
73-->[nav_graph] nav_graph.xml:17:9-19:66
73-->[nav_graph] nav_graph.xml:17:9-19:66
74                <data android:host="fragment" />
74-->[nav_graph] nav_graph.xml:17:9-19:66
74-->[nav_graph] nav_graph.xml:17:9-19:66
75                <data android:pathPrefix="/todo/" />
75-->[nav_graph] nav_graph.xml:17:9-19:66
75-->[nav_graph] nav_graph.xml:17:9-19:66
76            </intent-filter>
77        </activity>
78
79        <meta-data
79-->[com.google.android.gms:play-services-basement:18.0.1] AndroidManifest.xml:21:9-23:69
80            android:name="com.google.android.gms.version"
80-->[com.google.android.gms:play-services-basement:18.0.1] AndroidManifest.xml:22:13-58
81            android:value="@integer/google_play_services_version" />
81-->[com.google.android.gms:play-services-basement:18.0.1] AndroidManifest.xml:23:13-66
82
83        <uses-library
83-->[androidx.window:window:1.0.0] AndroidManifest.xml:25:9-27:40
84            android:name="androidx.window.extensions"
84-->[androidx.window:window:1.0.0] AndroidManifest.xml:26:13-54
85            android:required="false" />
85-->[androidx.window:window:1.0.0] AndroidManifest.xml:27:13-37
86        <uses-library
86-->[androidx.window:window:1.0.0] AndroidManifest.xml:28:9-30:40
87            android:name="androidx.window.sidecar"
87-->[androidx.window:window:1.0.0] AndroidManifest.xml:29:13-51
88            android:required="false" />
88-->[androidx.window:window:1.0.0] AndroidManifest.xml:30:13-37
89
90        <service
90-->[androidx.room:room-runtime:2.4.3] AndroidManifest.xml:25:9-28:40
91            android:name="androidx.room.MultiInstanceInvalidationService"
91-->[androidx.room:room-runtime:2.4.3] AndroidManifest.xml:26:13-74
92            android:directBootAware="true"
92-->[androidx.room:room-runtime:2.4.3] AndroidManifest.xml:27:13-43
93            android:exported="false" />
93-->[androidx.room:room-runtime:2.4.3] AndroidManifest.xml:28:13-37
94
95        <provider
95-->[androidx.emoji2:emoji2:1.2.0] AndroidManifest.xml:24:9-32:20
96            android:name="androidx.startup.InitializationProvider"
96-->[androidx.emoji2:emoji2:1.2.0] AndroidManifest.xml:25:13-67
97            android:authorities="com.example.todo.androidx-startup"
97-->[androidx.emoji2:emoji2:1.2.0] AndroidManifest.xml:26:13-68
98            android:exported="false" >
98-->[androidx.emoji2:emoji2:1.2.0] AndroidManifest.xml:27:13-37
99            <meta-data
99-->[androidx.emoji2:emoji2:1.2.0] AndroidManifest.xml:29:13-31:52
100                android:name="androidx.emoji2.text.EmojiCompatInitializer"
100-->[androidx.emoji2:emoji2:1.2.0] AndroidManifest.xml:30:17-75
101                android:value="androidx.startup" />
101-->[androidx.emoji2:emoji2:1.2.0] AndroidManifest.xml:31:17-49
102            <meta-data
102-->[androidx.lifecycle:lifecycle-process:2.4.1] AndroidManifest.xml:31:13-33:52
103                android:name="androidx.lifecycle.ProcessLifecycleInitializer"
103-->[androidx.lifecycle:lifecycle-process:2.4.1] AndroidManifest.xml:32:17-78
104                android:value="androidx.startup" />
104-->[androidx.lifecycle:lifecycle-process:2.4.1] AndroidManifest.xml:33:17-49
105        </provider>
106    </application>
107
108</manifest>